<?xml version="1.0" encoding="UTF-8"?>
<!-- Generated by org.testng.reporters.JUnitReportReporter -->
<testsuite hostname="EPBYMINW0918" name="by.epam.testmodule4.ExceptionTest" tests="2" failures="0" timestamp="12 May 2015 15:51:40 GMT" time="0.002" errors="0">
  <testcase name="verifyException" time="0.001" classname="by.epam.testmodule4.ExceptionTest"/>
  <testcase name="divisionWithException" time="0.001" classname="by.epam.testmodule4.ExceptionTest"/>
</testsuite>
